<?xml version="1.0" encoding="UTF-8"?>
<testng-results skipped="0" failed="0" ignored="0" total="1" passed="1">
  <reporter-output>
  </reporter-output>
  <suite name="Default suite" duration-ms="18113" started-at="2019-02-14T02:02:10Z" finished-at="2019-02-14T02:02:28Z">
    <groups>
    </groups>
    <test name="Default test" duration-ms="18113" started-at="2019-02-14T02:02:10Z" finished-at="2019-02-14T02:02:28Z">
      <class name="com.careerit.selenium.seleniumgriddemo.Selenium_Automate_SeleniumGrid">
        <test-method status="PASS" signature="testNGBasicTest()[pri:0, instance:com.careerit.selenium.seleniumgriddemo.Selenium_Automate_SeleniumGrid@6cc4c815]" name="testNGBasicTest" duration-ms="18070" started-at="2019-02-14T07:32:10Z" finished-at="2019-02-14T07:32:28Z">
          <reporter-output>
          </reporter-output>
        </test-method> <!-- testNGBasicTest -->
      </class> <!-- com.careerit.selenium.seleniumgriddemo.Selenium_Automate_SeleniumGrid -->
    </test> <!-- Default test -->
  </suite> <!-- Default suite -->
</testng-results>
